Arguments: 
  C:\Program Files\nodejs\node.exe C:\Users\admin\AppData\Roaming\npm\node_modules\yarn\bin\yarn.js

PATH: 
  C:\Users\admin\bin;C:\Program Files\Git\mingw64\bin;C:\Program Files\Git\usr\local\bin;C:\Program Files\Git\usr\bin;C:\Program Files\Git\usr\bin;C:\Program Files\Git\mingw64\bin;C:\Program Files\Git\usr\bin;C:\Users\admin\bin;C:\ProgramData\Oracle\Java\javapath;C:\Windows\system32;C:\Windows;C:\Windows\System32\Wbem;C:\Windows\System32\WindowsPowerShell\v1.0;C:\Windows\System32\OpenSSH;C:\Program Files\Git\cmd;C:\Program Files\nodejs;C:\Program Files (x86)\Bitvise SSH Client;C:\Users\admin\AppData\Local\Microsoft\WindowsApps;C:\Users\admin\AppData\Local\Programs\Microsoft VS Code\bin;C:\Users\admin\AppData\Roaming\npm;C:\Program Files\Git\usr\bin\vendor_perl;C:\Program Files\Git\usr\bin\core_perl

Yarn version: 
  1.22.19

Node version: 
  14.17.3

Platform: 
  win32 x64

Trace: 
  Error: connect ECONNREFUSED 104.16.23.35:443
      at TCPConnectWrap.afterConnect [as oncomplete] (net.js:1148:16)

npm manifest: 
  {
    "name": "client",
    "version": "1.0.0",
    "main": "server.js",
    "author": "kunkeypr",
    "license": "MIT",
    "scripts": {
      "dev": "nodemon server.js",
      "serve": "node server.js",
      "serve-debug": "nodemon --inspect server.js",
      "start": "npm run serve",
      "test": "jest --forceExit --coverage --verbose"
    },
    "_moduleAliases": {
      "@": "./src",
      "@App": "./src/app",
      "@Config": "./src/config",
      "@Configs": "./src/configs",
      "@Controllers": "./src/controllers",
      "@HttpControllers": "./src/controllers/http",
      "@SocketControllers": "./src/controllers/socket",
      "@Databases": "./src/databases",
      "@Helpers": "./src/helpers",
      "@Loaders": "./src/loaders",
      "@Middwares": "./src/middwares",
      "@Models": "./src/models",
      "@Plugins": "./src/plugins",
      "@Routers": "./src/routers/http",
      "@HttpRouters": "./src/routers/http",
      "@SocketRouters": "./src/routers/socket"
    },
    "dependencies": {
      "axios": "1.1.2",
      "bcryptjs": "^2.4.3",
      "compression": "^1.7.4",
      "cors": "^2.8.5",
      "dotenv": "^16.0.3",
      "ejs": "^3.1.8",
      "express": "^4.18.2",
      "express-session": "^1.17.3",
      "md5": "^2.3.0",
      "module-alias": "^2.2.2",
      "moment-timezone": "^0.5.38",
      "morgan": "^1.10.0",
      "nodemon": "^2.0.20",
      "qs": "^6.11.0",
      "validator": "^13.7.0"
    }
  }

yarn manifest: 
  No manifest

Lockfile: 
  No lockfile
